
## ---------------------- ##
## Running config.status. ##
## ---------------------- ##

This file was extended by eibnetmuxclientsamples config.status 1.5.2, which was
generated by GNU Autoconf 2.63.  Invocation command line was

  CONFIG_FILES    = 
  CONFIG_HEADERS  = 
  CONFIG_LINKS    = 
  CONFIG_COMMANDS = 
  $ ./config.status config.h

on nagash-laptop

config.status:805: creating config.h
config.status:1027: config.h is unchanged

## ---------------------- ##
## Running config.status. ##
## ---------------------- ##

This file was extended by eibnetmuxclientsamples config.status 1.5.2, which was
generated by GNU Autoconf 2.63.  Invocation command line was

  CONFIG_FILES    = 
  CONFIG_HEADERS  = 
  CONFIG_LINKS    = 
  CONFIG_COMMANDS = 
  $ ./config.status mylib/Makefile depfiles

on nagash-laptop

config.status:805: creating mylib/Makefile
config.status:1079: executing depfiles commands
